2020-11-14 20:45:51,874 INFO o.s.t.c.s.AbstractTestContextBootstrapper [main] Neither @ContextConfiguration nor @ContextHierarchy found for test class [io.jlyon.movierental.MovieRentalApplicationTests], using SpringBootContextLoader
2020-11-14 20:45:51,883 INFO o.s.t.c.s.AbstractContextLoader [main] Could not detect default resource locations for test class [io.jlyon.movierental.MovieRentalApplicationTests]: no resource found for suffixes {-context.xml, Context.groovy}.
2020-11-14 20:45:51,885 INFO o.s.t.c.s.AnnotationConfigContextLoaderUtils [main] Could not detect default configuration classes for test class [io.jlyon.movierental.MovieRentalApplicationTests]: MovieRentalApplicationTests does not declare any static, non-private, non-final, nested classes annotated with @Configuration.
2020-11-14 20:45:51,988 INFO o.s.b.t.c.SpringBootTestContextBootstrapper [main] Found @SpringBootConfiguration io.jlyon.movierental.MovieRentalApplication for test class io.jlyon.movierental.MovieRentalApplicationTests
2020-11-14 20:45:52,071 INFO o.s.t.c.s.AbstractTestContextBootstrapper [main] Loaded default TestExecutionListener class names from location [META-INF/spring.factories]: [org.springframework.boot.test.mock.mockito.MockitoTestExecutionListener, org.springframework.boot.test.mock.mockito.ResetMocksTestExecutionListener, org.springframework.boot.test.autoconfigure.restdocs.RestDocsTestExecutionListener, org.springframework.boot.test.autoconfigure.web.client.MockRestServiceServerResetTestExecutionListener, org.springframework.boot.test.autoconfigure.web.servlet.MockMvcPrintOnlyOnFailureTestExecutionListener, org.springframework.boot.test.autoconfigure.web.servlet.WebDriverTestExecutionListener, org.springframework.boot.test.autoconfigure.webservices.client.MockWebServiceServerTestExecutionListener, org.springframework.test.context.web.ServletTestExecutionListener, org.springframework.test.context.support.DirtiesContextBeforeModesTestExecutionListener, org.springframework.test.context.support.DependencyInjectionTestExecutionListener, org.springframework.test.context.support.DirtiesContextTestExecutionListener, org.springframework.test.context.transaction.TransactionalTestExecutionListener, org.springframework.test.context.jdbc.SqlScriptsTestExecutionListener, org.springframework.test.context.event.EventPublishingTestExecutionListener]
2020-11-14 20:45:52,089 INFO o.s.t.c.s.AbstractTestContextBootstrapper [main] Using TestExecutionListeners: [org.springframework.test.context.web.ServletTestExecutionListener@5a62b2a4, org.springframework.test.context.support.DirtiesContextBeforeModesTestExecutionListener@1051817b, org.springframework.boot.test.mock.mockito.MockitoTestExecutionListener@35293c05, org.springframework.boot.test.autoconfigure.SpringBootDependencyInjectionTestExecutionListener@620aa4ea, org.springframework.test.context.support.DirtiesContextTestExecutionListener@2db2dd9d, org.springframework.test.context.transaction.TransactionalTestExecutionListener@3174cb09, org.springframework.test.context.jdbc.SqlScriptsTestExecutionListener@4d411036, org.springframework.test.context.event.EventPublishingTestExecutionListener@7adbd080, org.springframework.boot.test.mock.mockito.ResetMocksTestExecutionListener@41beb473, org.springframework.boot.test.autoconfigure.restdocs.RestDocsTestExecutionListener@560513ce, org.springframework.boot.test.autoconfigure.web.client.MockRestServiceServerResetTestExecutionListener@13006998, org.springframework.boot.test.autoconfigure.web.servlet.MockMvcPrintOnlyOnFailureTestExecutionListener@37fbe4a8, org.springframework.boot.test.autoconfigure.web.servlet.WebDriverTestExecutionListener@352c308, org.springframework.boot.test.autoconfigure.webservices.client.MockWebServiceServerTestExecutionListener@7d373bcf]
2020-11-14 20:45:52,448 INFO o.s.b.StartupInfoLogger [main] Starting MovieRentalApplicationTests on localhost.localdomain with PID 21263 (started by justin in /home/justin/workspace/github/sb-movie-rental)
2020-11-14 20:45:52,464 INFO o.s.b.SpringApplication [main] No active profile set, falling back to default profiles: default
2020-11-14 20:45:53,238 INFO o.s.d.r.c.RepositoryConfigurationDelegate [main] Bootstrapping Spring Data JPA repositories in DEFERRED mode.
2020-11-14 20:45:53,259 INFO o.s.d.r.c.RepositoryConfigurationDelegate [main] Finished Spring Data repository scanning in 14ms. Found 0 JPA repository interfaces.
2020-11-14 20:45:53,789 INFO o.s.s.c.ExecutorConfigurationSupport [main] Initializing ExecutorService 'applicationTaskExecutor'
2020-11-14 20:45:53,846 INFO o.h.j.i.u.LogHelper [task-1] HHH000204: Processing PersistenceUnitInfo [name: default]
2020-11-14 20:45:53,914 INFO o.h.Version [task-1] HHH000412: Hibernate ORM core version 5.4.22.Final
2020-11-14 20:45:54,118 INFO o.h.a.c.r.j.JavaReflectionManager [task-1] HCANN000001: Hibernate Commons Annotations {5.1.0.Final}
2020-11-14 20:45:54,133 WARN o.s.b.a.o.j.JpaBaseConfiguration$JpaWebConfiguration [main] spring.jpa.open-in-view is enabled by default. Therefore, database queries may be performed during view rendering. Explicitly configure spring.jpa.open-in-view to disable this warning
2020-11-14 20:45:54,257 INFO c.z.h.HikariDataSource [task-1] HikariPool-1 - Starting...
2020-11-14 20:45:54,917 INFO c.z.h.HikariDataSource [task-1] HikariPool-1 - Start completed.
2020-11-14 20:45:54,941 INFO o.h.d.Dialect [task-1] HHH000400: Using dialect: org.hibernate.dialect.MySQL5Dialect
2020-11-14 20:45:55,099 INFO o.s.d.r.c.DeferredRepositoryInitializationListener [main] Triggering deferred initialization of Spring Data repositories…
2020-11-14 20:45:55,103 INFO o.s.d.r.c.DeferredRepositoryInitializationListener [main] Spring Data repositories initialized!
2020-11-14 20:45:55,146 INFO o.s.b.StartupInfoLogger [main] Started MovieRentalApplicationTests in 2.995 seconds (JVM running for 4.579)
2020-11-14 20:45:55,428 INFO o.h.e.t.j.p.i.JtaPlatformInitiator [task-1] HHH000490: Using JtaPlatform implementation: [org.hibernate.engine.transaction.jta.platform.internal.NoJtaPlatform]
2020-11-14 20:45:55,454 INFO o.s.o.j.AbstractEntityManagerFactoryBean [task-1] Initialized JPA EntityManagerFactory for persistence unit 'default'
2020-11-14 20:45:55,655 INFO o.s.o.j.AbstractEntityManagerFactoryBean [SpringContextShutdownHook] Closing JPA EntityManagerFactory for persistence unit 'default'
2020-11-14 20:45:55,658 INFO o.h.t.s.i.SchemaDropperImpl$DelayedDropActionImpl [SpringContextShutdownHook] HHH000477: Starting delayed evictData of schema as part of SessionFactory shut-down'
2020-11-14 20:45:55,663 INFO o.s.s.c.ExecutorConfigurationSupport [SpringContextShutdownHook] Shutting down ExecutorService 'applicationTaskExecutor'
2020-11-14 20:45:55,664 INFO c.z.h.HikariDataSource [SpringContextShutdownHook] HikariPool-1 - Shutdown initiated...
2020-11-14 20:45:55,732 INFO c.z.h.HikariDataSource [SpringContextShutdownHook] HikariPool-1 - Shutdown completed.
